GROUP,PACKAGE,CLASS,INSTRUCTION_MISSED,INSTRUCTION_COVERED,BRANCH_MISSED,BRANCH_COVERED,LINE_MISSED,LINE_COVERED,COMPLEXITY_MISSED,COMPLEXITY_COVERED,METHOD_MISSED,METHOD_COVERED
TestingApp,com.example.SpringBootTesting.advices,GlobalExceptionHandler,0,9,0,0,0,3,0,3,0,3
TestingApp,com.example.SpringBootTesting.services.impl,EmployeeServiceImpl,0,182,0,6,0,38,0,10,0,7
TestingApp,com.example.SpringBootTesting.exceptions,ResourceNotFoundException,5,4,0,0,2,2,1,1,1,1
TestingApp,com.example.SpringBootTesting.dto,EmployeeDto,29,37,6,6,1,3,7,1,1,1
TestingApp,com.example.SpringBootTesting.config,AppConfig,0,7,0,0,0,2,0,2,0,2
TestingApp,com.example.SpringBootTesting,SpringBootTestingApplication,5,3,0,0,2,1,1,1,1,1
TestingApp,com.example.SpringBootTesting.controllers,EmployeeController,0,35,0,0,0,8,0,4,0,4
