<?xml version="1.0" encoding="UTF-8"?>
<testsuite xmlns:xsi="http://www.w3.org/2001/XMLSchema-instance" xsi:noNamespaceSchemaLocation="https://maven.apache.org/surefire/maven-surefire-plugin/xsd/surefire-test-report-3.0.xsd" version="3.0" name="com.example.SpringBootTesting.services.impl.EmployeeServiceImplTest" time="15.364" tests="8" errors="0" skipped="0" failures="0">
  <properties>
[...]
</properties>
  <testcase name="getEmployeeById_whenEmployeeIdPresent_returnEmployeeDto" classname="com.example.SpringBootTesting.services.impl.EmployeeServiceImplTest" time="0.087">
    <system-out><![CDATA[2026-04-12T10:44:23.823+05:30  INFO 26622 --- [           main] t.c.s.AnnotationConfigContextLoaderUtils : Could not detect default configuration classes for test class [com.example.SpringBootTesting.services.impl.EmployeeServiceImplTest]: EmployeeServiceImplTest does not declare any static, non-private, non-final, nested classes annotated with @Configuration.
2026-04-12T10:44:23.835+05:30  INFO 26622 --- [           main] .b.t.c.SpringBootTestContextBootstrapper : Found @SpringBootConfiguration com.example.SpringBootTesting.SpringBootTestingApplication for test class com.example.SpringBootTesting.services.impl.EmployeeServiceImplTest

  .   ____          _            __ _ _
 /\\ / ___'_ __ _ _(_)_ __  __ _ \ \ \ \
( ( )\___ | '_ | '_| | '_ \/ _` | \ \ \ \
 \\/  ___)| |_)| | | | | || (_| |  ) ) ) )
  '  |____| .__|_| |_|_| |_\__, | / / / /
 =========|_|==============|___/=/_/_/_/

 :: Spring Boot ::                (v3.3.2)

2026-04-12T10:44:23.900+05:30  INFO 26622 --- [           main] c.e.S.s.impl.EmployeeServiceImplTest     : Starting EmployeeServiceImplTest using Java 17.0.15 with PID 26622 (started by riteshrajeshpatil in /Users/riteshrajeshpatil/Documents/SpringBootLearning/SpringBootTesting)
2026-04-12T10:44:23.900+05:30  INFO 26622 --- [           main] c.e.S.s.impl.EmployeeServiceImplTest     : No active profile set, falling back to 1 default profile: "default"
2026-04-12T10:44:23.996+05:30  INFO 26622 --- [           main] .s.d.r.c.RepositoryConfigurationDelegate : Bootstrapping Spring Data JPA repositories in DEFAULT mode.
2026-04-12T10:44:24.001+05:30  INFO 26622 --- [           main] .s.d.r.c.RepositoryConfigurationDelegate : Finished Spring Data repository scanning in 5 ms. Found 1 JPA repository interface.
2026-04-12T10:44:24.031+05:30  INFO 26622 --- [           main] tc.mysql:8.0                             : Creating container for image: mysql:8.0
2026-04-12T10:44:24.237+05:30  INFO 26622 --- [           main] tc.mysql:8.0                             : Container mysql:8.0 is starting: 370f79eedb2ba68c39977aa51421292e48c02aac1c45fe4cd2777796c17e29b9
2026-04-12T10:44:25.291+05:30  INFO 26622 --- [           main] tc.mysql:8.0                             : Waiting for database connection to become available at jdbc:mysql://localhost:53104/testdb using query 'SELECT 1'
2026-04-12T10:44:37.413+05:30  INFO 26622 --- [           main] tc.mysql:8.0                             : Container mysql:8.0 started in PT13.382189S
2026-04-12T10:44:37.417+05:30  INFO 26622 --- [           main] tc.mysql:8.0                             : Container is started (JDBC URL: jdbc:mysql://localhost:53104/testdb)
2026-04-12T10:44:37.509+05:30  INFO 26622 --- [           main] o.hibernate.jpa.internal.util.LogHelper  : HHH000204: Processing PersistenceUnitInfo [name: default]
2026-04-12T10:44:37.513+05:30  INFO 26622 --- [           main] o.h.c.internal.RegionFactoryInitiator    : HHH000026: Second-level cache disabled
2026-04-12T10:44:37.531+05:30  INFO 26622 --- [           main] o.s.o.j.p.SpringPersistenceUnitInfo      : No LoadTimeWeaver setup: ignoring JPA class transformer
2026-04-12T10:44:37.532+05:30  INFO 26622 --- [           main] com.zaxxer.hikari.HikariDataSource       : HikariPool-3 - Starting...
2026-04-12T10:44:37.575+05:30  INFO 26622 --- [           main] com.zaxxer.hikari.pool.HikariPool        : HikariPool-3 - Added connection com.mysql.cj.jdbc.ConnectionImpl@4a0d1d01
2026-04-12T10:44:37.576+05:30  INFO 26622 --- [           main] com.zaxxer.hikari.HikariDataSource       : HikariPool-3 - Start completed.
2026-04-12T10:44:37.580+05:30  WARN 26622 --- [           main] org.hibernate.orm.deprecation            : HHH90000025: MySQLDialect does not need to be specified explicitly using 'hibernate.dialect' (remove the property setting and it will be selected by default)
2026-04-12T10:44:37.620+05:30  INFO 26622 --- [           main] o.h.e.t.j.p.i.JtaPlatformInitiator       : HHH000489: No JTA platform available (set 'hibernate.transaction.jta.platform' to enable JTA platform integration)
2026-04-12T10:44:37.752+05:30  INFO 26622 --- [           main] j.LocalContainerEntityManagerFactoryBean : Initialized JPA EntityManagerFactory for persistence unit 'default'
2026-04-12T10:44:37.886+05:30  WARN 26622 --- [           main] JpaBaseConfiguration$JpaWebConfiguration : spring.jpa.open-in-view is enabled by default. Therefore, database queries may be performed during view rendering. Explicitly configure spring.jpa.open-in-view to disable this warning
2026-04-12T10:44:37.956+05:30  INFO 26622 --- [           main] o.s.b.a.h2.H2ConsoleAutoConfiguration    : H2 console available at '/h2-console'. Database available at 'jdbc:mysql://localhost:53104/testdb'
2026-04-12T10:44:38.004+05:30  INFO 26622 --- [           main] c.e.S.s.impl.EmployeeServiceImplTest     : Started EmployeeServiceImplTest in 14.113 seconds (process running for 63.749)
2026-04-12T10:44:39.068+05:30  INFO 26622 --- [           main] c.e.S.services.impl.EmployeeServiceImpl  : Fetching employee with id: 1
2026-04-12T10:44:39.075+05:30  INFO 26622 --- [           main] c.e.S.services.impl.EmployeeServiceImpl  : Successfully fetched employee with id: 1
]]></system-out>
  </testcase>
  <testcase name="testCreateNewEmployee_whenValidEmployee_thenCreateNewEmployee" classname="com.example.SpringBootTesting.services.impl.EmployeeServiceImplTest" time="0.013">
    <system-out><![CDATA[2026-04-12T10:44:39.108+05:30  INFO 26622 --- [           main] c.e.S.services.impl.EmployeeServiceImpl  : Creating new employee with email: ritesh@gmail.com
2026-04-12T10:44:39.110+05:30  INFO 26622 --- [           main] c.e.S.services.impl.EmployeeServiceImpl  : Successfully created new employee with id: 1
]]></system-out>
  </testcase>
  <testcase name="testCreateNewEmployee_whenAttemptingToCreateEmployeeWithExistingEmail_thenThrowException" classname="com.example.SpringBootTesting.services.impl.EmployeeServiceImplTest" time="0.013">
    <system-out><![CDATA[2026-04-12T10:44:39.122+05:30  INFO 26622 --- [           main] c.e.S.services.impl.EmployeeServiceImpl  : Creating new employee with email: ritesh@gmail.com
2026-04-12T10:44:39.123+05:30 ERROR 26622 --- [           main] c.e.S.services.impl.EmployeeServiceImpl  : Employee already exists with email: ritesh@gmail.com
]]></system-out>
  </testcase>
  <testcase name="testDeleteEmployee_whenEmployeeDoesNotExist_thenThrowException" classname="com.example.SpringBootTesting.services.impl.EmployeeServiceImplTest" time="0.005">
    <system-out><![CDATA[2026-04-12T10:44:39.137+05:30  INFO 26622 --- [           main] c.e.S.services.impl.EmployeeServiceImpl  : Deleting employee with id: 1
2026-04-12T10:44:39.138+05:30 ERROR 26622 --- [           main] c.e.S.services.impl.EmployeeServiceImpl  : Employee not found with id: 1
]]></system-out>
  </testcase>
  <testcase name="testUpdateEmployee_whenAttemptingToUpdateEmail_ThenThrowException" classname="com.example.SpringBootTesting.services.impl.EmployeeServiceImplTest" time="0.009">
    <system-out><![CDATA[2026-04-12T10:44:39.149+05:30  INFO 26622 --- [           main] c.e.S.services.impl.EmployeeServiceImpl  : Updating employee with id: 1
2026-04-12T10:44:39.150+05:30 ERROR 26622 --- [           main] c.e.S.services.impl.EmployeeServiceImpl  : Attempted to update email for employee with id: 1
]]></system-out>
  </testcase>
  <testcase name="testGetEmpployeeById_whenEmployeeIsNotPresent_thenthrowException" classname="com.example.SpringBootTesting.services.impl.EmployeeServiceImplTest" time="0.007">
    <system-out><![CDATA[2026-04-12T10:44:39.158+05:30  INFO 26622 --- [           main] c.e.S.services.impl.EmployeeServiceImpl  : Fetching employee with id: 1
2026-04-12T10:44:39.158+05:30 ERROR 26622 --- [           main] c.e.S.services.impl.EmployeeServiceImpl  : Employee not found with id: 1
]]></system-out>
  </testcase>
  <testcase name="testUpdateEmployee_whenValidEmployee_thenUpdateEmployee" classname="com.example.SpringBootTesting.services.impl.EmployeeServiceImplTest" time="0.008">
    <system-out><![CDATA[2026-04-12T10:44:39.171+05:30  INFO 26622 --- [           main] c.e.S.services.impl.EmployeeServiceImpl  : Updating employee with id: 1
2026-04-12T10:44:39.172+05:30  INFO 26622 --- [           main] c.e.S.services.impl.EmployeeServiceImpl  : Successfully updated employee with id: 1
]]></system-out>
  </testcase>
  <testcase name="testDeleteEmployee_whenEmployeeIsValid_thenDeleteEmployee" classname="com.example.SpringBootTesting.services.impl.EmployeeServiceImplTest" time="0.006">
    <system-out><![CDATA[2026-04-12T10:44:39.181+05:30  INFO 26622 --- [           main] c.e.S.services.impl.EmployeeServiceImpl  : Deleting employee with id: 1
2026-04-12T10:44:39.181+05:30  INFO 26622 --- [           main] c.e.S.services.impl.EmployeeServiceImpl  : Successfully deleted employee with id: 1
]]></system-out>
  </testcase>
</testsuite>