<?xml version="1.0" encoding="UTF-8"?>
<testsuite xmlns:xsi="http://www.w3.org/2001/XMLSchema-instance" xsi:noNamespaceSchemaLocation="https://maven.apache.org/surefire/maven-surefire-plugin/xsd/surefire-test-report-3.0.xsd" version="3.0" name="com.example.SpringBootTesting.repositories.EmployeeRepositoryTest" time="31.745" tests="2" errors="0" skipped="0" failures="0">
  <properties>
[...]
</properties>
  <testcase name="testFindByEmail_whenEmailIsValid_thenReturnEmployee" classname="com.example.SpringBootTesting.repositories.EmployeeRepositoryTest" time="0.707">
    <system-out><![CDATA[10:43:34.964 [main] INFO org.springframework.test.context.support.AnnotationConfigContextLoaderUtils -- Could not detect default configuration classes for test class [com.example.SpringBootTesting.repositories.EmployeeRepositoryTest]: EmployeeRepositoryTest does not declare any static, non-private, non-final, nested classes annotated with @Configuration.
10:43:35.144 [main] INFO org.springframework.boot.test.context.SpringBootTestContextBootstrapper -- Found @SpringBootConfiguration com.example.SpringBootTesting.SpringBootTestingApplication for test class com.example.SpringBootTesting.repositories.EmployeeRepositoryTest

  .   ____          _            __ _ _
 /\\ / ___'_ __ _ _(_)_ __  __ _ \ \ \ \
( ( )\___ | '_ | '_| | '_ \/ _` | \ \ \ \
 \\/  ___)| |_)| | | | | || (_| |  ) ) ) )
  '  |____| .__|_| |_|_| |_\__, | / / / /
 =========|_|==============|___/=/_/_/_/

 :: Spring Boot ::                (v3.3.2)

2026-04-12T10:43:35.638+05:30  INFO 26622 --- [           main] c.e.S.r.EmployeeRepositoryTest           : Starting EmployeeRepositoryTest using Java 17.0.15 with PID 26622 (started by riteshrajeshpatil in /Users/riteshrajeshpatil/Documents/SpringBootLearning/SpringBootTesting)
2026-04-12T10:43:35.639+05:30  INFO 26622 --- [           main] c.e.S.r.EmployeeRepositoryTest           : No active profile set, falling back to 1 default profile: "default"
2026-04-12T10:43:36.180+05:30  INFO 26622 --- [           main] .s.d.r.c.RepositoryConfigurationDelegate : Bootstrapping Spring Data JPA repositories in DEFAULT mode.
2026-04-12T10:43:36.477+05:30  INFO 26622 --- [           main] .s.d.r.c.RepositoryConfigurationDelegate : Finished Spring Data repository scanning in 282 ms. Found 1 JPA repository interface.
2026-04-12T10:43:36.775+05:30  INFO 26622 --- [           main] org.testcontainers.images.PullPolicy     : Image pull policy will be performed by: DefaultPullPolicy()
2026-04-12T10:43:36.779+05:30  INFO 26622 --- [           main] o.t.utility.ImageNameSubstitutor         : Image name substitution will be performed by: DefaultImageNameSubstitutor (composite of 'ConfigurationFileImageNameSubstitutor' and 'PrefixingImageNameSubstitutor')
2026-04-12T10:43:37.172+05:30  INFO 26622 --- [           main] o.t.d.DockerClientProviderStrategy       : Loaded org.testcontainers.dockerclient.UnixSocketClientProviderStrategy from ~/.testcontainers.properties, will try it first
2026-04-12T10:43:37.517+05:30  INFO 26622 --- [           main] o.t.d.DockerClientProviderStrategy       : Found Docker environment with local Unix socket (unix:///var/run/docker.sock)
2026-04-12T10:43:37.522+05:30  INFO 26622 --- [           main] org.testcontainers.DockerClientFactory   : Docker host IP address is localhost
2026-04-12T10:43:37.588+05:30  INFO 26622 --- [           main] org.testcontainers.DockerClientFactory   : Connected to docker: 
  Server Version: 28.4.0
  API Version: 1.51
  Operating System: Docker Desktop
  Total Memory: 3919 MB
2026-04-12T10:43:38.097+05:30  INFO 26622 --- [           main] tc.testcontainers/ryuk:0.7.0             : Creating container for image: testcontainers/ryuk:0.7.0
2026-04-12T10:43:38.325+05:30  INFO 26622 --- [           main] o.t.utility.RegistryAuthLocator          : Credential helper/store (docker-credential-desktop) does not have credentials for https://index.docker.io/v1/
2026-04-12T10:43:38.481+05:30  INFO 26622 --- [           main] tc.testcontainers/ryuk:0.7.0             : Container testcontainers/ryuk:0.7.0 is starting: c80dcbdb40db4d6114d48b37e06f980503d9eb950c652e820d06cae1ec95f966
2026-04-12T10:43:39.163+05:30  INFO 26622 --- [           main] tc.testcontainers/ryuk:0.7.0             : Container testcontainers/ryuk:0.7.0 started in PT1.065417S
2026-04-12T10:43:39.237+05:30  INFO 26622 --- [           main] o.t.utility.RyukResourceReaper           : Ryuk started - will monitor and terminate Testcontainers containers on JVM exit
2026-04-12T10:43:39.238+05:30  INFO 26622 --- [           main] org.testcontainers.DockerClientFactory   : Checking the system...
2026-04-12T10:43:39.239+05:30  INFO 26622 --- [           main] org.testcontainers.DockerClientFactory   : ✔︎ Docker server version should be at least 1.6.0
2026-04-12T10:43:39.249+05:30  INFO 26622 --- [           main] tc.mysql:8.0                             : Creating container for image: mysql:8.0
2026-04-12T10:43:39.609+05:30  INFO 26622 --- [           main] tc.mysql:8.0                             : Container mysql:8.0 is starting: aaaab76d18dce3af098c6bb36264cc7df6d09a7a986d658d816968e69f6f7008
2026-04-12T10:43:40.552+05:30  INFO 26622 --- [           main] tc.mysql:8.0                             : Waiting for database connection to become available at jdbc:mysql://localhost:52752/testdb using query 'SELECT 1'
2026-04-12T10:44:02.667+05:30  INFO 26622 --- [           main] tc.mysql:8.0                             : Container mysql:8.0 started in PT23.41684S
2026-04-12T10:44:02.675+05:30  INFO 26622 --- [           main] tc.mysql:8.0                             : Container is started (JDBC URL: jdbc:mysql://localhost:52752/testdb)
2026-04-12T10:44:02.954+05:30  INFO 26622 --- [           main] o.hibernate.jpa.internal.util.LogHelper  : HHH000204: Processing PersistenceUnitInfo [name: default]
2026-04-12T10:44:03.099+05:30  INFO 26622 --- [           main] org.hibernate.Version                    : HHH000412: Hibernate ORM core version 6.5.2.Final
2026-04-12T10:44:03.266+05:30  INFO 26622 --- [           main] o.h.c.internal.RegionFactoryInitiator    : HHH000026: Second-level cache disabled
2026-04-12T10:44:03.844+05:30  INFO 26622 --- [           main] o.s.o.j.p.SpringPersistenceUnitInfo      : No LoadTimeWeaver setup: ignoring JPA class transformer
2026-04-12T10:44:03.875+05:30  INFO 26622 --- [           main] com.zaxxer.hikari.HikariDataSource       : HikariPool-1 - Starting...
2026-04-12T10:44:04.033+05:30  INFO 26622 --- [           main] com.zaxxer.hikari.pool.HikariPool        : HikariPool-1 - Added connection com.mysql.cj.jdbc.ConnectionImpl@2d1b923f
2026-04-12T10:44:04.034+05:30  INFO 26622 --- [           main] com.zaxxer.hikari.HikariDataSource       : HikariPool-1 - Start completed.
2026-04-12T10:44:04.073+05:30  WARN 26622 --- [           main] org.hibernate.orm.deprecation            : HHH90000025: MySQLDialect does not need to be specified explicitly using 'hibernate.dialect' (remove the property setting and it will be selected by default)
2026-04-12T10:44:04.983+05:30  INFO 26622 --- [           main] o.h.e.t.j.p.i.JtaPlatformInitiator       : HHH000489: No JTA platform available (set 'hibernate.transaction.jta.platform' to enable JTA platform integration)
Hibernate: create table employee (id bigint not null auto_increment, email varchar(255), name varchar(255), salary bigint, primary key (id)) engine=InnoDB
Hibernate: alter table employee drop index UKfopic1oh5oln2khj8eat6ino0
Hibernate: alter table employee add constraint UKfopic1oh5oln2khj8eat6ino0 unique (email)
2026-04-12T10:44:05.429+05:30  INFO 26622 --- [           main] j.LocalContainerEntityManagerFactoryBean : Initialized JPA EntityManagerFactory for persistence unit 'default'
2026-04-12T10:44:05.835+05:30  INFO 26622 --- [           main] c.e.S.r.EmployeeRepositoryTest           : Started EmployeeRepositoryTest in 30.625 seconds (process running for 31.58)
Hibernate: select e1_0.id,e1_0.email,e1_0.name,e1_0.salary from employee e1_0 where e1_0.id=?
Hibernate: insert into employee (email,name,salary) values (?,?,?)
Hibernate: select e1_0.id,e1_0.email,e1_0.name,e1_0.salary from employee e1_0 where e1_0.email=?
]]></system-out>
  </testcase>
  <testcase name="testFindByEmail_whenEmailIsNotFound_thenReturnEmployee" classname="com.example.SpringBootTesting.repositories.EmployeeRepositoryTest" time="0.007">
    <system-out><![CDATA[Hibernate: select e1_0.id,e1_0.email,e1_0.name,e1_0.salary from employee e1_0 where e1_0.email=?
]]></system-out>
  </testcase>
</testsuite>