<?xml version="1.0" encoding="UTF-8"?>
<testsuite xmlns:xsi="http://www.w3.org/2001/XMLSchema-instance" xsi:noNamespaceSchemaLocation="https://maven.apache.org/surefire/maven-surefire-plugin/xsd/surefire-test-report-3.0.xsd" version="3.0" name="com.example.SpringBootTesting.controllers.EmployeeControllerTest" time="17.236" tests="9" errors="0" skipped="0" failures="0">
  <properties>
[...]
</properties>
  <testcase name="testDeleteEmployee_whenEmployeeDoestNotExist_thenThrowException" classname="com.example.SpringBootTesting.controllers.EmployeeControllerTest" time="0.445">
    <system-out><![CDATA[2026-04-12T10:44:06.584+05:30  INFO 26622 --- [           main] t.c.s.AnnotationConfigContextLoaderUtils : Could not detect default configuration classes for test class [com.example.SpringBootTesting.controllers.EmployeeControllerTest]: EmployeeControllerTest does not declare any static, non-private, non-final, nested classes annotated with @Configuration.
2026-04-12T10:44:06.596+05:30  INFO 26622 --- [           main] .b.t.c.SpringBootTestContextBootstrapper : Found @SpringBootConfiguration com.example.SpringBootTesting.SpringBootTestingApplication for test class com.example.SpringBootTesting.controllers.EmployeeControllerTest

  .   ____          _            __ _ _
 /\\ / ___'_ __ _ _(_)_ __  __ _ \ \ \ \
( ( )\___ | '_ | '_| | '_ \/ _` | \ \ \ \
 \\/  ___)| |_)| | | | | || (_| |  ) ) ) )
  '  |____| .__|_| |_|_| |_\__, | / / / /
 =========|_|==============|___/=/_/_/_/

 :: Spring Boot ::                (v3.3.2)

2026-04-12T10:44:06.629+05:30  INFO 26622 --- [           main] c.e.S.c.EmployeeControllerTest           : Starting EmployeeControllerTest using Java 17.0.15 with PID 26622 (started by riteshrajeshpatil in /Users/riteshrajeshpatil/Documents/SpringBootLearning/SpringBootTesting)
2026-04-12T10:44:06.629+05:30  INFO 26622 --- [           main] c.e.S.c.EmployeeControllerTest           : No active profile set, falling back to 1 default profile: "default"
2026-04-12T10:44:06.889+05:30  INFO 26622 --- [           main] .s.d.r.c.RepositoryConfigurationDelegate : Bootstrapping Spring Data JPA repositories in DEFAULT mode.
2026-04-12T10:44:06.895+05:30  INFO 26622 --- [           main] .s.d.r.c.RepositoryConfigurationDelegate : Finished Spring Data repository scanning in 5 ms. Found 1 JPA repository interface.
2026-04-12T10:44:07.211+05:30  INFO 26622 --- [           main] o.s.b.w.embedded.tomcat.TomcatWebServer  : Tomcat initialized with port 0 (http)
2026-04-12T10:44:07.220+05:30  INFO 26622 --- [           main] o.apache.catalina.core.StandardService   : Starting service [Tomcat]
2026-04-12T10:44:07.220+05:30  INFO 26622 --- [           main] o.apache.catalina.core.StandardEngine    : Starting Servlet engine: [Apache Tomcat/10.1.26]
2026-04-12T10:44:07.273+05:30  INFO 26622 --- [           main] o.a.c.c.C.[Tomcat].[localhost].[/]       : Initializing Spring embedded WebApplicationContext
2026-04-12T10:44:07.274+05:30  INFO 26622 --- [           main] w.s.c.ServletWebServerApplicationContext : Root WebApplicationContext: initialization completed in 644 ms
2026-04-12T10:44:07.280+05:30  INFO 26622 --- [           main] tc.mysql:8.0                             : Creating container for image: mysql:8.0
2026-04-12T10:44:07.420+05:30  INFO 26622 --- [           main] tc.mysql:8.0                             : Container mysql:8.0 is starting: a00650fdc4645ac552c45691af1599b3f2bb676610956c19db8609a52d6e22ea
2026-04-12T10:44:08.590+05:30  INFO 26622 --- [           main] tc.mysql:8.0                             : Waiting for database connection to become available at jdbc:mysql://localhost:52963/testdb using query 'SELECT 1'
2026-04-12T10:44:20.815+05:30  INFO 26622 --- [           main] tc.mysql:8.0                             : Container mysql:8.0 started in PT13.53386S
2026-04-12T10:44:20.825+05:30  INFO 26622 --- [           main] tc.mysql:8.0                             : Container is started (JDBC URL: jdbc:mysql://localhost:52963/testdb)
2026-04-12T10:44:20.944+05:30  INFO 26622 --- [           main] com.zaxxer.hikari.HikariDataSource       : HikariPool-2 - Starting...
2026-04-12T10:44:21.163+05:30  INFO 26622 --- [           main] com.zaxxer.hikari.pool.HikariPool        : HikariPool-2 - Added connection com.mysql.cj.jdbc.ConnectionImpl@10679da
2026-04-12T10:44:21.163+05:30  INFO 26622 --- [           main] com.zaxxer.hikari.HikariDataSource       : HikariPool-2 - Start completed.
2026-04-12T10:44:21.176+05:30  INFO 26622 --- [           main] o.s.b.a.h2.H2ConsoleAutoConfiguration    : H2 console available at '/h2-console'. Database available at 'jdbc:mysql://localhost:52963/testdb'
2026-04-12T10:44:21.605+05:30  INFO 26622 --- [           main] o.hibernate.jpa.internal.util.LogHelper  : HHH000204: Processing PersistenceUnitInfo [name: default]
2026-04-12T10:44:21.615+05:30  INFO 26622 --- [           main] o.h.c.internal.RegionFactoryInitiator    : HHH000026: Second-level cache disabled
2026-04-12T10:44:21.679+05:30  INFO 26622 --- [           main] o.s.o.j.p.SpringPersistenceUnitInfo      : No LoadTimeWeaver setup: ignoring JPA class transformer
2026-04-12T10:44:21.697+05:30  WARN 26622 --- [           main] org.hibernate.orm.deprecation            : HHH90000025: MySQLDialect does not need to be specified explicitly using 'hibernate.dialect' (remove the property setting and it will be selected by default)
2026-04-12T10:44:21.782+05:30  INFO 26622 --- [           main] o.h.e.t.j.p.i.JtaPlatformInitiator       : HHH000489: No JTA platform available (set 'hibernate.transaction.jta.platform' to enable JTA platform integration)
2026-04-12T10:44:22.434+05:30  INFO 26622 --- [           main] j.LocalContainerEntityManagerFactoryBean : Initialized JPA EntityManagerFactory for persistence unit 'default'
2026-04-12T10:44:22.599+05:30  WARN 26622 --- [           main] JpaBaseConfiguration$JpaWebConfiguration : spring.jpa.open-in-view is enabled by default. Therefore, database queries may be performed during view rendering. Explicitly configure spring.jpa.open-in-view to disable this warning
2026-04-12T10:44:22.939+05:30  INFO 26622 --- [           main] o.s.b.w.embedded.tomcat.TomcatWebServer  : Tomcat started on port 53098 (http) with context path '/'
2026-04-12T10:44:22.944+05:30  INFO 26622 --- [           main] c.e.S.c.EmployeeControllerTest           : Started EmployeeControllerTest in 16.342 seconds (process running for 48.689)
2026-04-12T10:44:23.202+05:30 ERROR 26622 --- [           main] i.n.r.d.DnsServerAddressStreamProviders  : Unable to load io.netty.resolver.dns.macos.MacOSDnsServerAddressStreamProvider, fallback to system defaults. This may result in incorrect DNS resolutions on MacOS. Check whether you have a dependency on 'io.netty:netty-resolver-dns-native-macos'. Use DEBUG level to see the full stack: java.lang.UnsatisfiedLinkError: failed to load the required native library
2026-04-12T10:44:23.330+05:30  INFO 26622 --- [o-auto-1-exec-1] o.a.c.c.C.[Tomcat].[localhost].[/]       : Initializing Spring DispatcherServlet 'dispatcherServlet'
2026-04-12T10:44:23.331+05:30  INFO 26622 --- [o-auto-1-exec-1] o.s.web.servlet.DispatcherServlet        : Initializing Servlet 'dispatcherServlet'
2026-04-12T10:44:23.331+05:30  INFO 26622 --- [o-auto-1-exec-1] o.s.web.servlet.DispatcherServlet        : Completed initialization in 0 ms
2026-04-12T10:44:23.351+05:30  INFO 26622 --- [o-auto-1-exec-1] c.e.S.services.impl.EmployeeServiceImpl  : Deleting employee with id: 1
2026-04-12T10:44:23.500+05:30 ERROR 26622 --- [o-auto-1-exec-1] c.e.S.services.impl.EmployeeServiceImpl  : Employee not found with id: 1
]]></system-out>
  </testcase>
  <testcase name="testUpdateEmployee_whenEmployeeIdValid_thenUpdateEmployee" classname="com.example.SpringBootTesting.controllers.EmployeeControllerTest" time="0.101">
    <system-out><![CDATA[2026-04-12T10:44:23.585+05:30  INFO 26622 --- [o-auto-1-exec-2] c.e.S.services.impl.EmployeeServiceImpl  : Updating employee with id: 1
2026-04-12T10:44:23.611+05:30  INFO 26622 --- [o-auto-1-exec-2] c.e.S.services.impl.EmployeeServiceImpl  : Successfully updated employee with id: 1
]]></system-out>
  </testcase>
  <testcase name="testCreateNewEmployee_whenEmployeeAlreadyExist_thenThrowException" classname="com.example.SpringBootTesting.controllers.EmployeeControllerTest" time="0.028">
    <system-out><![CDATA[2026-04-12T10:44:23.650+05:30  INFO 26622 --- [o-auto-1-exec-3] c.e.S.services.impl.EmployeeServiceImpl  : Creating new employee with email: ritesh@gmail.com
2026-04-12T10:44:23.652+05:30 ERROR 26622 --- [o-auto-1-exec-3] c.e.S.services.impl.EmployeeServiceImpl  : Employee already exists with email: ritesh@gmail.com
]]></system-out>
  </testcase>
  <testcase name="testGetEmployeeById_success" classname="com.example.SpringBootTesting.controllers.EmployeeControllerTest" time="0.046">
    <system-out><![CDATA[2026-04-12T10:44:23.668+05:30  INFO 26622 --- [o-auto-1-exec-4] c.e.S.services.impl.EmployeeServiceImpl  : Fetching employee with id: 3
2026-04-12T10:44:23.672+05:30  INFO 26622 --- [o-auto-1-exec-4] c.e.S.services.impl.EmployeeServiceImpl  : Successfully fetched employee with id: 3
]]></system-out>
  </testcase>
  <testcase name="testUpdateEmployee_whenAttemptingToUpdateTheEmail_thenThrowException" classname="com.example.SpringBootTesting.controllers.EmployeeControllerTest" time="0.021">
    <system-out><![CDATA[2026-04-12T10:44:23.717+05:30  INFO 26622 --- [o-auto-1-exec-5] c.e.S.services.impl.EmployeeServiceImpl  : Updating employee with id: 4
2026-04-12T10:44:23.720+05:30 ERROR 26622 --- [o-auto-1-exec-5] c.e.S.services.impl.EmployeeServiceImpl  : Attempted to update email for employee with id: 4
]]></system-out>
  </testcase>
  <testcase name="testDeleteEmployee_whenEmployeeExist_thenDeleteEmployee" classname="com.example.SpringBootTesting.controllers.EmployeeControllerTest" time="0.054">
    <system-out><![CDATA[2026-04-12T10:44:23.754+05:30  INFO 26622 --- [o-auto-1-exec-6] c.e.S.services.impl.EmployeeServiceImpl  : Deleting employee with id: 5
2026-04-12T10:44:23.768+05:30  INFO 26622 --- [o-auto-1-exec-6] c.e.S.services.impl.EmployeeServiceImpl  : Successfully deleted employee with id: 5
2026-04-12T10:44:23.773+05:30  INFO 26622 --- [o-auto-1-exec-7] c.e.S.services.impl.EmployeeServiceImpl  : Deleting employee with id: 5
2026-04-12T10:44:23.776+05:30 ERROR 26622 --- [o-auto-1-exec-7] c.e.S.services.impl.EmployeeServiceImpl  : Employee not found with id: 5
]]></system-out>
  </testcase>
  <testcase name="testGetEmployeeById_failure" classname="com.example.SpringBootTesting.controllers.EmployeeControllerTest" time="0.01">
    <system-out><![CDATA[2026-04-12T10:44:23.784+05:30  INFO 26622 --- [o-auto-1-exec-8] c.e.S.services.impl.EmployeeServiceImpl  : Fetching employee with id: 1
2026-04-12T10:44:23.787+05:30 ERROR 26622 --- [o-auto-1-exec-8] c.e.S.services.impl.EmployeeServiceImpl  : Employee not found with id: 1
]]></system-out>
  </testcase>
  <testcase name="testupdateEmployee_whenEmployeeDoesnotExist_thenthrowException" classname="com.example.SpringBootTesting.controllers.EmployeeControllerTest" time="0.011">
    <system-out><![CDATA[2026-04-12T10:44:23.796+05:30  INFO 26622 --- [o-auto-1-exec-9] c.e.S.services.impl.EmployeeServiceImpl  : Updating employee with id: 999
2026-04-12T10:44:23.799+05:30 ERROR 26622 --- [o-auto-1-exec-9] c.e.S.services.impl.EmployeeServiceImpl  : Employee not found with id: 999
]]></system-out>
  </testcase>
  <testcase name="testCreateNewEmployee_WhenEmployeeDoesNotExist_thenCreateNewEmployee" classname="com.example.SpringBootTesting.controllers.EmployeeControllerTest" time="0.017">
    <system-out><![CDATA[2026-04-12T10:44:23.807+05:30  INFO 26622 --- [-auto-1-exec-10] c.e.S.services.impl.EmployeeServiceImpl  : Creating new employee with email: ritesh@gmail.com
2026-04-12T10:44:23.815+05:30  INFO 26622 --- [-auto-1-exec-10] c.e.S.services.impl.EmployeeServiceImpl  : Successfully created new employee with id: 6
]]></system-out>
  </testcase>
</testsuite>